<?xml version="1.0" encoding="UTF-8"?>
<!-- Generated by org.testng.reporters.JUnitReportReporter -->
<testsuite hostname="DESKTOP-NQN5Q3S" failures="0" tests="4" name="testPackage.TestClass" time="36.848" errors="0" timestamp="2022-02-01T11:02:53 IST" skipped="0">
  <testcase classname="testPackage.TestClass" name="Customer_Enroll" time="7.111"/>
  <system-out/>
  <testcase classname="testPackage.TestClass" name="Select_plan" time="13.131"/>
  <system-out/>
  <testcase classname="testPackage.TestClass" name="Reenter_Name" time="4.944"/>
  <system-out/>
  <testcase classname="testPackage.TestClass" name="Payment" time="11.662"/>
  <system-out/>
</testsuite> <!-- testPackage.TestClass -->
